<?xml version="1.0"?>
<testsuite name="PhantomJS 2.1.1 (Windows 8 0.0.0)" package="models" timestamp="2016-06-27T12:29:19" id="0" hostname="Morpheus" tests="2" errors="0" failures="0" time="0.016">
  <properties>
    <property name="browser.fullName" value="Mozilla/5.0 (Windows NT 6.2; WOW64) AppleWebKit/538.1 (KHTML, like Gecko) PhantomJS/2.1.1 Safari/538.1"/>
  </properties>
  <testcase name="App: Angular2common should create the app" time="0.009" classname="PhantomJS_2_1_1_(Windows_8_0_0_0).models.App: Angular2common"/>
  <testcase name="App: Angular2common should have as title 'angular2common works!'" time="0.007" classname="PhantomJS_2_1_1_(Windows_8_0_0_0).models.App: Angular2common"/>
  <system-out>
    <![CDATA[
]]>
  </system-out>
  <system-err/>
</testsuite>